compile error
compile error
compile error
compile error
compile error
compile error
compile error
compile error
compile error
compile error
compile error
compile error
compile error
compile error
compile error
compile error
[ERROR] A Not allowed system call: runid:1036 CALLID:56
 TO FIX THIS , ask admin to add the CALLID into corresponding LANG_XXV[] located at okcalls32/64.h ,
and recompile judge_client. 
if you are admin and you don't know what to do ,
chinese explaination can be found on https://zhuanlan.zhihu.com/p/24498599

[ERROR] A Not allowed system call: runid:1036 CALLID:56
 TO FIX THIS , ask admin to add the CALLID into corresponding LANG_XXV[] located at okcalls32/64.h ,
and recompile judge_client. 
if you are admin and you don't know what to do ,
chinese explaination can be found on https://zhuanlan.zhihu.com/p/24498599

[ERROR] A Not allowed system call: runid:1036 CALLID:56
 TO FIX THIS , ask admin to add the CALLID into corresponding LANG_XXV[] located at okcalls32/64.h ,
and recompile judge_client. 
if you are admin and you don't know what to do ,
chinese explaination can be found on https://zhuanlan.zhihu.com/p/24498599

[ERROR] A Not allowed system call: runid:1036 CALLID:56
 TO FIX THIS , ask admin to add the CALLID into corresponding LANG_XXV[] located at okcalls32/64.h ,
and recompile judge_client. 
if you are admin and you don't know what to do ,
chinese explaination can be found on https://zhuanlan.zhihu.com/p/24498599

[ERROR] A Not allowed system call: runid:1036 CALLID:56
 TO FIX THIS , ask admin to add the CALLID into corresponding LANG_XXV[] located at okcalls32/64.h ,
and recompile judge_client. 
if you are admin and you don't know what to do ,
chinese explaination can be found on https://zhuanlan.zhihu.com/p/24498599

[ERROR] A Not allowed system call: runid:1036 CALLID:56
 TO FIX THIS , ask admin to add the CALLID into corresponding LANG_XXV[] located at okcalls32/64.h ,
and recompile judge_client. 
if you are admin and you don't know what to do ,
chinese explaination can be found on https://zhuanlan.zhihu.com/p/24498599

compile error
compile error
compile error
compile error
compile error
compile error
compile error
compile error
compile error
compile error
compile error
compile error
compile error
compile error
compile error
compile error
compile error
compile error
compile error
compile error
compile error
